2023-07-11 16:56:07 0 [Note] Starting MariaDB 10.4.28-MariaDB source revision c8f2e9a5c0ac5905f28b050b7df5a9ffd914b7e7 as process 4512
2023-07-11 16:56:07 0 [Note] InnoDB: Mutexes and rw_locks use Windows interlocked functions
2023-07-11 16:56:07 0 [Note] InnoDB: Uses event mutexes
2023-07-11 16:56:07 0 [Note] InnoDB: Compressed tables use zlib 1.2.12
2023-07-11 16:56:07 0 [Note] InnoDB: Number of pools: 1
2023-07-11 16:56:07 0 [Note] InnoDB: Using SSE2 crc32 instructions
2023-07-11 16:56:07 0 [Note] InnoDB: Initializing buffer pool, total size = 16M, instances = 1, chunk size = 16M
2023-07-11 16:56:07 0 [Note] InnoDB: Completed initialization of buffer pool
2023-07-11 16:56:07 0 [Note] InnoDB: Starting crash recovery from checkpoint LSN=300288
2023-07-11 16:56:07 0 [Note] InnoDB: 128 out of 128 rollback segments are active.
2023-07-11 16:56:07 0 [Note] InnoDB: Removed temporary tablespace data file: "ibtmp1"
2023-07-11 16:56:07 0 [Note] InnoDB: Creating shared tablespace for temporary tables
2023-07-11 16:56:07 0 [Note] InnoDB: Setting file 'C:\xampp\mysql\data\ibtmp1' size to 12 MB. Physically writing the file full; Please wait ...
2023-07-11 16:56:07 0 [Note] InnoDB: File 'C:\xampp\mysql\data\ibtmp1' size is now 12 MB.
2023-07-11 16:56:07 0 [Note] InnoDB: Waiting for purge to start
2023-07-11 16:56:07 0 [Note] InnoDB: 10.4.28 started; log sequence number 300297; transaction id 170
2023-07-11 16:56:07 0 [Note] InnoDB: Loading buffer pool(s) from C:\xampp\mysql\data\ib_buffer_pool
2023-07-11 16:56:07 0 [Note] Plugin 'FEEDBACK' is disabled.
2023-07-11 16:56:07 0 [Note] Server socket created on IP: '::'.
2023-07-11 16:56:07 02023-07-11 21:21:02 0 [Note] Starting MariaDB 10.4.28-MariaDB source revision c8f2e9a5c0ac5905f28b050b7df5a9ffd914b7e7 as process 3484
2023-07-11 21:21:02 0 [Note] InnoDB: Mutexes and rw_locks use Windows interlocked functions
2023-07-11 21:21:02 0 [Note] InnoDB: Uses event mutexes
2023-07-11 21:21:02 0 [Note] InnoDB: Compressed tables use zlib 1.2.12
2023-07-11 21:21:02 0 [Note] InnoDB: Number of pools: 1
2023-07-11 21:21:02 0 [Note] InnoDB: Using SSE2 crc32 instructions
2023-07-11 21:21:02 0 [Note] InnoDB: Initializing buffer pool, total size = 16M, instances = 1, chunk size = 16M
2023-07-11 21:21:02 0 [Note] InnoDB: Completed initialization of buffer pool
2023-07-11 21:21:02 0 [Note] InnoDB: Starting crash recovery from checkpoint LSN=325285
2023-07-11 21:21:02 0 [Note] InnoDB: 128 out of 128 rollback segments are active.
2023-07-11 21:21:02 0 [Note] InnoDB: Removed temporary tablespace data file: "ibtmp1"
2023-07-11 21:21:02 0 [Note] InnoDB: Creating shared tablespace for temporary tables
2023-07-11 21:21:02 0 [Note] InnoDB: Setting file 'C:\xampp\mysql\data\ibtmp1' size to 12 MB. Physically writing the file full; Please wait ...
2023-07-11 21:21:02 0 [Note] InnoDB: File 'C:\xampp\mysql\data\ibtmp1' size is now 12 MB.
2023-07-11 21:21:02 0 [Note] InnoDB: Waiting for purge to start
2023-07-11 21:21:02 0 [Note] InnoDB: 10.4.28 started; log sequence number 325294; transaction id 252
2023-07-11 21:21:02 0 [Note] InnoDB: Loading buffer pool(s) from C:\xampp\mysql\data\ib_buffer_pool
2023-07-11 21:21:02 0 [Note] Plugin 'FEEDBACK' is disabled.
2023-07-11 21:21:02 0 [Note] Server socket created on IP: '::'.
2023-07-11 21:25:12 0 [Note] Starting MariaDB 10.4.28-MariaDB source revision c8f2e9a5c0ac5905f28b050b7df5a9ffd914b7e7 as process 13932
2023-07-11 21:25:12 0 [Note] mysqld.exe: Aria engine: starting recovery
recovered pages: 0% 100% (0.0 seconds); 
2023-07-11 21:25:12 0 [Note] mysqld.exe: Aria engine: recovery done
2023-07-11 21:25:12 0 [Note] InnoDB: Mutexes and rw_locks use Windows interlocked functions
2023-07-11 21:25:12 0 [Note] InnoDB: Uses event mutexes
2023-07-11 21:25:12 0 [Note] InnoDB: Compressed tables use zlib 1.2.12
2023-07-11 21:25:12 0 [Note] InnoDB: Number of pools: 1
2023-07-11 21:25:12 0 [Note] InnoDB: Using SSE2 crc32 instructions
2023-07-11 21:25:12 0 [Note] InnoDB: Initializing buffer pool, total size = 16M, instances = 1, chunk size = 16M
2023-07-11 21:25:12 0 [Note] InnoDB: Completed initialization of buffer pool
2023-07-11 21:25:12 0 [Note] InnoDB: Starting crash recovery from checkpoint LSN=325604
2023-07-11 21:25:12 0 [Note] InnoDB: 128 out of 128 rollback segments are active.
2023-07-11 21:25:12 0 [Note] InnoDB: Removed temporary tablespace data file: "ibtmp1"
2023-07-11 21:25:12 0 [Note] InnoDB: Creating shared tablespace for temporary tables
2023-07-11 21:25:12 0 [Note] InnoDB: Setting file 'C:\xampp\mysql\data\ibtmp1' size to 12 MB. Physically writing the file full; Please wait ...
2023-07-11 21:25:12 0 [Note] InnoDB: File 'C:\xampp\mysql\data\ibtmp1' size is now 12 MB.
2023-07-11 21:25:12 0 [Note] InnoDB: Waiting for purge to start
2023-07-11 21:25:12 0 [Note] InnoDB: 10.4.28 started; log sequence number 325613; transaction id 252
2023-07-11 21:25:12 0 [Note] InnoDB: Loading buffer pool(s) from C:\xampp\mysql\data\ib_buffer_pool
2023-07-11 21:25:12 0 [Note] Plugin 'FEEDBACK' is disabled.
2023-07-11 21:25:12 0 [Note] Server socket created on IP: '::'.
2023-07-11 21:25:26 0 [Note] Starting MariaDB 10.4.28-MariaDB source revision c8f2e9a5c0ac5905f28b050b7df5a9ffd914b7e7 as process 11848
2023-07-11 21:25:26 0 [Note] InnoDB: Mutexes and rw_locks use Windows interlocked functions
2023-07-11 21:25:26 0 [Note] InnoDB: Uses event mutexes
2023-07-11 21:25:26 0 [Note] InnoDB: Compressed tables use zlib 1.2.12
2023-07-11 21:25:26 0 [Note] InnoDB: Number of pools: 1
2023-07-11 21:25:26 0 [Note] InnoDB: Using SSE2 crc32 instructions
2023-07-11 21:25:26 0 [Note] InnoDB: Initializing buffer pool, total size = 16M, instances = 1, chunk size = 16M
2023-07-11 21:25:26 0 [Note] InnoDB: Completed initialization of buffer pool
2023-07-11 21:25:26 0 [Note] InnoDB: Starting crash recovery from checkpoint LSN=325604
2023-07-11 21:25:26 0 [Note] InnoDB: 128 out of 128 rollback segments are active.
2023-07-11 21:25:26 0 [Note] InnoDB: Removed temporary tablespace data file: "ibtmp1"
2023-07-11 21:25:26 0 [Note] InnoDB: Creating shared tablespace for temporary tables
2023-07-11 21:25:26 0 [Note] InnoDB: Setting file 'C:\xampp\mysql\data\ibtmp1' size to 12 MB. Physically writing the file full; Please wait ...
2023-07-11 21:25:26 0 [Note] InnoDB: File 'C:\xampp\mysql\data\ibtmp1' size is now 12 MB.
2023-07-11 21:25:26 0 [Note] InnoDB: Waiting for purge to start
2023-07-11 21:25:26 0 [Note] InnoDB: 10.4.28 started; log sequence number 325613; transaction id 252
2023-07-11 21:25:26 0 [Note] InnoDB: Loading buffer pool(s) from C:\xampp\mysql\data\ib_buffer_pool
2023-07-11 21:25:26 0 [Note] Plugin 'FEEDBACK' is disabled.
2023-07-11 21:25:26 0 [Note] Server socket created on IP: '::'.
2023-07-11 21:34:59 0 [Note] Starting MariaDB 10.4.28-MariaDB source revision c8f2e9a5c0ac5905f28b050b7df5a9ffd914b7e7 as process 2840
2023-07-11 21:34:59 0 [Note] InnoDB: Mutexes and rw_locks use Windows interlocked functions
2023-07-11 21:34:59 0 [Note] InnoDB: Uses event mutexes
2023-07-11 21:34:59 0 [Note] InnoDB: Compressed tables use zlib 1.2.12
2023-07-11 21:34:59 0 [Note] InnoDB: Number of pools: 1
2023-07-11 21:34:59 0 [Note] InnoDB: Using SSE2 crc32 instructions
2023-07-11 21:34:59 0 [Note] InnoDB: Initializing buffer pool, total size = 16M, instances = 1, chunk size = 16M
2023-07-11 21:34:59 0 [Note] InnoDB: Completed initialization of buffer pool
2023-07-11 21:34:59 0 [Note] InnoDB: Starting crash recovery from checkpoint LSN=326481
2023-07-11 21:35:00 0 [Note] InnoDB: 128 out of 128 rollback segments are active.
2023-07-11 21:35:00 0 [Note] InnoDB: Removed temporary tablespace data file: "ibtmp1"
2023-07-11 21:35:00 0 [Note] InnoDB: Creating shared tablespace for temporary tables
2023-07-11 21:35:00 0 [Note] InnoDB: Setting file 'C:\xampp\mysql\data\ibtmp1' size to 12 MB. Physically writing the file full; Please wait ...
2023-07-11 21:35:00 0 [Note] InnoDB: File 'C:\xampp\mysql\data\ibtmp1' size is now 12 MB.
2023-07-11 21:35:00 0 [Note] InnoDB: Waiting for purge to start
2023-07-11 21:35:00 0 [Note] InnoDB: 10.4.28 started; log sequence number 326490; transaction id 278
2023-07-11 21:35:00 0 [Note] InnoDB: Loading buffer pool(s) from C:\xampp\mysql\data\ib_buffer_pool
2023-07-11 21:35:00 0 [Note] Plugin 'FEEDBACK' is disabled.
2023-07-11 21:35:00 0 [Note] Server socket created on IP: '::'.
2023-07-12  0:38:19 0 [Note] Starting MariaDB 10.4.28-MariaDB source revision c8f2e9a5c0ac5905f28b050b7df5a9ffd914b7e7 as process 4952
2023-07-12  0:38:20 0 [Note] InnoDB: Mutexes and rw_locks use Windows interlocked functions
2023-07-12  0:38:20 0 [Note] InnoDB: Uses event mutexes
2023-07-12  0:38:20 0 [Note] InnoDB: Compressed tables use zlib 1.2.12
2023-07-12  0:38:20 0 [Note] InnoDB: Number of pools: 1
2023-07-12  0:38:20 0 [Note] InnoDB: Using SSE2 crc32 instructions
2023-07-12  0:38:20 0 [Note] InnoDB: Initializing buffer pool, total size = 16M, instances = 1, chunk size = 16M
2023-07-12  0:38:20 0 [Note] InnoDB: Completed initialization of buffer pool
2023-07-12  0:38:20 0 [Note] InnoDB: Starting crash recovery from checkpoint LSN=439376
2023-07-12  0:38:20 0 [Note] InnoDB: 128 out of 128 rollback segments are active.
2023-07-12  0:38:20 0 [Note] InnoDB: Removed temporary tablespace data file: "ibtmp1"
2023-07-12  0:38:20 0 [Note] InnoDB: Creating shared tablespace for temporary tables
2023-07-12  0:38:20 0 [Note] InnoDB: Setting file 'C:\xampp\mysql\data\ibtmp1' size to 12 MB. Physically writing the file full; Please wait ...
2023-07-12  0:38:20 0 [Note] InnoDB: File 'C:\xampp\mysql\data\ibtmp1' size is now 12 MB.
2023-07-12  0:38:20 0 [Note] InnoDB: Waiting for purge to start
2023-07-12  0:38:20 0 [Note] InnoDB: 10.4.28 started; log sequence number 439385; transaction id 362
2023-07-12  0:38:20 0 [Note] InnoDB: Loading buffer pool(s) from C:\xampp\mysql\data\ib_buffer_pool
2023-07-12  0:38:20 0 [Note] Plugin 'FEEDBACK' is disabled.
2023-07-12  0:38:20 0 [Note] InnoDB: Buffer pool(s) load completed at 230712  0:38:20
2023-07-12  0:38:20 0 [Note] Server socket created on IP: '::'.
2023-07-12  2:47:11 0 [Note] Starting MariaDB 10.4.28-MariaDB source revision c8f2e9a5c0ac5905f28b050b7df5a9ffd914b7e7 as process 3924
2023-07-12  2:47:11 0 [Note] InnoDB: Mutexes and rw_locks use Windows interlocked functions
2023-07-12  2:47:11 0 [Note] InnoDB: Uses event mutexes
2023-07-12  2:47:11 0 [Note] InnoDB: Compressed tables use zlib 1.2.12
2023-07-12  2:47:11 0 [Note] InnoDB: Number of pools: 1
2023-07-12  2:47:11 0 [Note] InnoDB: Using SSE2 crc32 instructions
2023-07-12  2:47:11 0 [Note] InnoDB: Initializing buffer pool, total size = 16M, instances = 1, chunk size = 16M
2023-07-12  2:47:11 0 [Note] InnoDB: Completed initialization of buffer pool
2023-07-12  2:47:11 0 [Note] InnoDB: Starting crash recovery from checkpoint LSN=442911
2023-07-12  2:47:12 0 [Note] InnoDB: 128 out of 128 rollback segments are active.
2023-07-12  2:47:12 0 [Note] InnoDB: Removed temporary tablespace data file: "ibtmp1"
2023-07-12  2:47:12 0 [Note] InnoDB: Creating shared tablespace for temporary tables
2023-07-12  2:47:12 0 [Note] InnoDB: Setting file 'C:\xampp\mysql\data\ibtmp1' size to 12 MB. Physically writing the file full; Please wait ...
2023-07-12  2:47:12 0 [Note] InnoDB: File 'C:\xampp\mysql\data\ibtmp1' size is now 12 MB.
2023-07-12  2:47:12 0 [Note] InnoDB: Waiting for purge to start
2023-07-12  2:47:12 0 [Note] InnoDB: 10.4.28 started; log sequence number 442920; transaction id 377
2023-07-12  2:47:12 0 [Note] InnoDB: Loading buffer pool(s) from C:\xampp\mysql\data\ib_buffer_pool
2023-07-12  2:47:12 0 [Note] Plugin 'FEEDBACK' is disabled.
2023-07-12  2:47:12 0 [Note] Server socket created on IP: '::'.
2023-07-12  3:38:57 0 [Note] Starting MariaDB 10.4.28-MariaDB source revision c8f2e9a5c0ac5905f28b050b7df5a9ffd914b7e7 as process 17992
2023-07-12  3:38:57 0 [Note] InnoDB: Mutexes and rw_locks use Windows interlocked functions
2023-07-12  3:38:57 0 [Note] InnoDB: Uses event mutexes
2023-07-12  3:38:57 0 [Note] InnoDB: Compressed tables use zlib 1.2.12
2023-07-12  3:38:57 0 [Note] InnoDB: Number of pools: 1
2023-07-12  3:38:57 0 [Note] InnoDB: Using SSE2 crc32 instructions
2023-07-12  3:38:57 0 [Note] InnoDB: Initializing buffer pool, total size = 16M, instances = 1, chunk size = 16M
2023-07-12  3:38:57 0 [Note] InnoDB: Completed initialization of buffer pool
2023-07-12  3:38:57 0 [Note] InnoDB: Starting crash recovery from checkpoint LSN=443492
2023-07-12  3:38:57 0 [Note] InnoDB: 128 out of 128 rollback segments are active.
2023-07-12  3:38:57 0 [Note] InnoDB: Removed temporary tablespace data file: "ibtmp1"
2023-07-12  3:38:57 0 [Note] InnoDB: Creating shared tablespace for temporary tables
2023-07-12  3:38:57 0 [Note] InnoDB: Setting file 'C:\xampp\mysql\data\ibtmp1' size to 12 MB. Physically writing the file full; Please wait ...
2023-07-12  3:38:57 0 [Note] InnoDB: File 'C:\xampp\mysql\data\ibtmp1' size is now 12 MB.
2023-07-12  3:38:57 0 [Note] InnoDB: Waiting for purge to start
2023-07-12  3:38:57 0 [Note] InnoDB: 10.4.28 started; log sequence number 443501; transaction id 384
2023-07-12  3:38:57 0 [Note] InnoDB: Loading buffer pool(s) from C:\xampp\mysql\data\ib_buffer_pool
2023-07-12  3:38:57 0 [Note] Plugin 'FEEDBACK' is disabled.
2023-07-12  3:38:57 0 [Note] Server socket created on IP: '::'.
2023-07-12 11:09:03 0 [Note] Starting MariaDB 10.4.28-MariaDB source revision c8f2e9a5c0ac5905f28b050b7df5a9ffd914b7e7 as process 7952
2023-07-12 11:09:03 0 [Note] InnoDB: Mutexes and rw_locks use Windows interlocked functions
2023-07-12 11:09:03 0 [Note] InnoDB: Uses event mutexes
2023-07-12 11:09:03 0 [Note] InnoDB: Compressed tables use zlib 1.2.12
2023-07-12 11:09:03 0 [Note] InnoDB: Number of pools: 1
2023-07-12 11:09:03 0 [Note] InnoDB: Using SSE2 crc32 instructions
2023-07-12 11:09:03 0 [Note] InnoDB: Initializing buffer pool, total size = 16M, instances = 1, chunk size = 16M
2023-07-12 11:09:03 0 [Note] InnoDB: Completed initialization of buffer pool
2023-07-12 11:09:03 0 [Note] InnoDB: Starting crash recovery from checkpoint LSN=443492
2023-07-12 11:09:03 0 [Note] InnoDB: 128 out of 128 rollback segments are active.
2023-07-12 11:09:03 0 [Note] InnoDB: Removed temporary tablespace data file: "ibtmp1"
2023-07-12 11:09:03 0 [Note] InnoDB: Creating shared tablespace for temporary tables
2023-07-12 11:09:03 0 [Note] InnoDB: Setting file 'C:\xampp\mysql\data\ibtmp1' size to 12 MB. Physically writing the file full; Please wait ...
2023-07-12 11:09:03 0 [Note] InnoDB: File 'C:\xampp\mysql\data\ibtmp1' size is now 12 MB.
2023-07-12 11:09:03 0 [Note] InnoDB: Waiting for purge to start
2023-07-12 11:09:03 0 [Note] InnoDB: 10.4.28 started; log sequence number 443501; transaction id 384
2023-07-12 11:09:03 0 [Note] InnoDB: Loading buffer pool(s) from C:\xampp\mysql\data\ib_buffer_pool
2023-07-12 11:09:03 0 [Note] Plugin 'FEEDBACK' is disabled.
2023-07-12 11:09:03 0 [Note] Server socket created on IP: '::'.
2023-07-13  2:20:12 0 [Note] Starting MariaDB 10.4.28-MariaDB source revision c8f2e9a5c0ac5905f28b050b7df5a9ffd914b7e7 as process 7500
2023-07-13  2:20:12 0 [Note] InnoDB: Mutexes and rw_locks use Windows interlocked functions
2023-07-13  2:20:12 0 [Note] InnoDB: Uses event mutexes
2023-07-13  2:20:12 0 [Note] InnoDB: Compressed tables use zlib 1.2.12
2023-07-13  2:20:12 0 [Note] InnoDB: Number of pools: 1
2023-07-13  2:20:12 0 [Note] InnoDB: Using SSE2 crc32 instructions
2023-07-13  2:20:12 0 [Note] InnoDB: Initializing buffer pool, total size = 16M, instances = 1, chunk size = 16M
2023-07-13  2:20:12 0 [Note] InnoDB: Completed initialization of buffer pool
2023-07-13  2:20:12 0 [Note] InnoDB: Starting crash recovery from checkpoint LSN=447172
2023-07-13  2:20:12 0 [Note] InnoDB: 128 out of 128 rollback segments are active.
2023-07-13  2:20:12 0 [Note] InnoDB: Removed temporary tablespace data file: "ibtmp1"
2023-07-13  2:20:12 0 [Note] InnoDB: Creating shared tablespace for temporary tables
2023-07-13  2:20:12 0 [Note] InnoDB: Setting file 'C:\xampp\mysql\data\ibtmp1' size to 12 MB. Physically writing the file full; Please wait ...
2023-07-13  2:20:12 0 [Note] InnoDB: File 'C:\xampp\mysql\data\ibtmp1' size is now 12 MB.
2023-07-13  2:20:12 0 [Note] InnoDB: Waiting for purge to start
2023-07-13  2:20:12 0 [Note] InnoDB: 10.4.28 started; log sequence number 447181; transaction id 426
2023-07-13  2:20:12 0 [Note] InnoDB: Loading buffer pool(s) from C:\xampp\mysql\data\ib_buffer_pool
2023-07-13  2:20:12 0 [Note] Plugin 'FEEDBACK' is disabled.
2023-07-13  2:20:12 0 [Note] InnoDB: Buffer pool(s) load completed at 230713  2:20:12
2023-07-13  2:20:12 0 [Note] Server socket created on IP: '::'.
2023-07-13  4:29:36 0 [Note] Starting MariaDB 10.4.28-MariaDB source revision c8f2e9a5c0ac5905f28b050b7df5a9ffd914b7e7 as process 9832
2023-07-13  4:29:36 0 [Note] InnoDB: Mutexes and rw_locks use Windows interlocked functions
2023-07-13  4:29:36 0 [Note] InnoDB: Uses event mutexes
2023-07-13  4:29:36 0 [Note] InnoDB: Compressed tables use zlib 1.2.12
2023-07-13  4:29:36 0 [Note] InnoDB: Number of pools: 1
2023-07-13  4:29:36 0 [Note] InnoDB: Using SSE2 crc32 instructions
2023-07-13  4:29:36 0 [Note] InnoDB: Initializing buffer pool, total size = 16M, instances = 1, chunk size = 16M
2023-07-13  4:29:36 0 [Note] InnoDB: Completed initialization of buffer pool
2023-07-13  4:29:36 0 [Note] InnoDB: Starting crash recovery from checkpoint LSN=449865
2023-07-13  4:29:37 0 [Note] InnoDB: 128 out of 128 rollback segments are active.
2023-07-13  4:29:37 0 [Note] InnoDB: Removed temporary tablespace data file: "ibtmp1"
2023-07-13  4:29:37 0 [Note] InnoDB: Creating shared tablespace for temporary tables
2023-07-13  4:29:37 0 [Note] InnoDB: Setting file 'C:\xampp\mysql\data\ibtmp1' size to 12 MB. Physically writing the file full; Please wait ...
2023-07-13  4:29:37 0 [Note] InnoDB: File 'C:\xampp\mysql\data\ibtmp1' size is now 12 MB.
2023-07-13  4:29:37 0 [Note] InnoDB: Waiting for purge to start
2023-07-13  4:29:37 0 [Note] InnoDB: 10.4.28 started; log sequence number 449874; transaction id 460
2023-07-13  4:29:37 0 [Note] InnoDB: Loading buffer pool(s) from C:\xampp\mysql\data\ib_buffer_pool
2023-07-13  4:29:37 0 [Note] Plugin 'FEEDBACK' is disabled.
2023-07-13  4:29:37 0 [Note] Server socket created on IP: '::'.
2023-07-13  4:38:00 0 [Note] Starting MariaDB 10.4.28-MariaDB source revision c8f2e9a5c0ac5905f28b050b7df5a9ffd914b7e7 as process 4276
2023-07-13  4:38:00 0 [Note] InnoDB: Mutexes and rw_locks use Windows interlocked functions
2023-07-13  4:38:00 0 [Note] InnoDB: Uses event mutexes
2023-07-13  4:38:00 0 [Note] InnoDB: Compressed tables use zlib 1.2.12
2023-07-13  4:38:00 0 [Note] InnoDB: Number of pools: 1
2023-07-13  4:38:00 0 [Note] InnoDB: Using SSE2 crc32 instructions
2023-07-13  4:38:00 0 [Note] InnoDB: Initializing buffer pool, total size = 16M, instances = 1, chunk size = 16M
2023-07-13  4:38:00 0 [Note] InnoDB: Completed initialization of buffer pool
2023-07-13  4:38:00 0 [Note] InnoDB: Starting crash recovery from checkpoint LSN=449865
2023-07-13  4:38:00 0 [Note] InnoDB: 128 out of 128 rollback segments are active.
2023-07-13  4:38:00 0 [Note] InnoDB: Removed temporary tablespace data file: "ibtmp1"
2023-07-13  4:38:00 0 [Note] InnoDB: Creating shared tablespace for temporary tables
2023-07-13  4:38:00 0 [Note] InnoDB: Setting file 'C:\xampp\mysql\data\ibtmp1' size to 12 MB. Physically writing the file full; Please wait ...
2023-07-13  4:38:00 0 [Note] InnoDB: File 'C:\xampp\mysql\data\ibtmp1' size is now 12 MB.
2023-07-13  4:38:00 0 [Note] InnoDB: Waiting for purge to start
2023-07-13  4:38:00 0 [Note] InnoDB: 10.4.28 started; log sequence number 449874; transaction id 460
2023-07-13  4:38:00 0 [Note] InnoDB: Loading buffer pool(s) from C:\xampp\mysql\data\ib_buffer_pool
2023-07-13  4:38:00 0 [Note] Plugin 'FEEDBACK' is disabled.
2023-07-13  4:38:00 0 [Note] Server socket created on IP: '::'.
